
   INFO  Server running on [http://127.0.0.1:8000].  

  Press Ctrl+C to stop the server

  2025-11-18 18:01:34 / .................................................................................... ~ 0.96ms
  2025-11-18 18:02:57 /api/login ............................................................................... ~ 1s
  2025-11-18 18:03:49 /api/foods/analyze ....................................................................... ~ 3s
  2025-11-18 18:05:47 /api/foods/analyze ....................................................................... ~ 4s
  127.0.0.1:63879 Invalid request (Unexpected EOF)
  2025-11-18 18:06:09 ......................................................................................... ~ 25s
  2025-11-18 18:06:47 /api/login ............................................................................... ~ 1s
  2025-11-18 18:07:15 /api/foods/analyze ...................................................................... ~ 18s
  2025-11-18 18:08:59 /api/foods/analyze ...................................................................... ~ 13s
  2025-11-18 18:13:00 /api/login ............................................................................... ~ 1s
  2025-11-18 18:13:09 /api/foods/analyze ....................................................................... ~ 2s
  2025-11-18 20:29:35 /api/foods/analyze ....................................................................... ~ 9s
  PHP Fatal error:  Maximum execution time of 60 seconds exceeded in C:\AI\backend\vendor\guzzlehttp\guzzle\src\Handler\CurlHandler.php on line 45
  2025-11-18 20:30:45 /api/foods/analyze .................................................................... ~ 1m 1s
  PHP Fatal error:  Maximum execution time of 60 seconds exceeded in C:\AI\backend\vendor\guzzlehttp\guzzle\src\Handler\CurlHandler.php on line 45
  2025-11-18 20:31:57 /api/foods/analyze .................................................................... ~ 1m 1s
  PHP Fatal error:  Maximum execution time of 60 seconds exceeded in C:\AI\backend\vendor\guzzlehttp\guzzle\src\Handler\CurlHandler.php on line 45
  2025-11-18 20:32:58 /api/foods/analyze .................................................................... ~ 1m 3s
  PHP Fatal error:  Maximum execution time of 60 seconds exceeded in C:\AI\backend\vendor\guzzlehttp\guzzle\src\Handler\CurlHandler.php on line 45
  2025-11-18 20:34:22 /api/foods/analyze .................................................................... ~ 1m 1s
  2025-11-18 20:35:24 /api/login ......................................................................... ~ 509.33ms
  2025-11-18 20:35:35 /api/login ............................................................................... ~ 1s
  2025-11-18 20:36:37 /api/foods/analyze ...................................................................... ~ 21s
  2025-11-18 20:37:25 /api/login ............................................................................... ~ 1s
  2025-11-18 20:37:35 /api/foods/analyze ...................................................................... ~ 19s
  2025-11-18 20:38:42 /api/foods/analyze ....................................................................... ~ 5s
  2025-11-18 20:40:07 /api/foods/analyze ....................................................................... ~ 4s
  2025-11-18 21:00:07 /api/foods/analyze ...................................................................... ~ 11s
  2025-11-24 12:44:24 /api/foods/analyze ...................................................................... ~ 26s
  2025-11-24 13:32:47 /api/foods/analyze ...................................................................... ~ 26s
